TN:
SF:src/middleware.ts
FN:1,(empty-report)
FNF:1
FNH:0
FNDA:0,(empty-report)
DA:1,0
DA:5,0
DA:6,0
DA:7,0
DA:10,0
DA:11,0
DA:12,0
DA:15,0
DA:16,0
DA:17,0
DA:18,0
DA:20,0
DA:21,0
DA:22,0
DA:23,0
DA:24,0
DA:25,0
DA:26,0
DA:27,0
DA:28,0
LF:20
LH:0
BRDA:1,0,0,0
BRF:1
BRH:0
end_of_record
TN:
SF:src/app/error.tsx
FN:1,(empty-report)
FNF:1
FNH:0
FNDA:0,(empty-report)
DA:1,0
DA:3,0
DA:4,0
DA:5,0
DA:6,0
DA:8,0
DA:9,0
DA:11,0
DA:12,0
DA:13,0
DA:14,0
DA:15,0
DA:17,0
LF:13
LH:0
BRDA:1,0,0,0
BRF:1
BRH:0
end_of_record
TN:
SF:src/app/layout.tsx
FN:1,(empty-report)
FNF:1
FNH:0
FNDA:0,(empty-report)
DA:1,0
DA:7,0
DA:8,0
DA:9,0
DA:10,0
DA:12,0
DA:13,0
DA:15,0
DA:16,0
DA:17,0
DA:18,0
DA:19,0
DA:20,0
DA:22,0
DA:23,0
DA:24,0
DA:25,0
DA:26,0
DA:27,0
DA:28,0
DA:30,0
DA:31,0
DA:32,0
DA:33,0
DA:34,0
DA:35,0
DA:36,0
DA:38,0
DA:39,0
DA:40,0
DA:41,0
DA:42,0
DA:44,0
DA:45,0
DA:46,0
DA:47,0
DA:48,0
DA:50,0
DA:51,0
DA:52,0
DA:53,0
DA:54,0
DA:56,0
DA:57,0
DA:59,0
DA:60,0
DA:62,0
DA:63,0
DA:64,0
DA:66,0
DA:68,0
DA:69,0
DA:70,0
DA:72,0
DA:73,0
DA:74,0
DA:75,0
DA:76,0
DA:77,0
DA:78,0
DA:79,0
DA:81,0
LF:62
LH:0
BRDA:1,0,0,0
BRF:1
BRH:0
end_of_record
TN:
SF:src/app/logout-button.tsx
FN:1,(empty-report)
FNF:1
FNH:0
FNDA:0,(empty-report)
DA:1,0
DA:10,0
DA:11,0
DA:12,0
DA:13,0
DA:15,0
DA:16,0
DA:17,0
DA:19,0
DA:20,0
DA:21,0
DA:22,0
DA:23,0
DA:24,0
DA:26,0
DA:27,0
DA:28,0
DA:29,0
DA:31,0
LF:19
LH:0
BRDA:1,0,0,0
BRF:1
BRH:0
end_of_record
TN:
SF:src/app/page.tsx
FN:5,Home
FNF:1
FNH:1
FNDA:7,Home
DA:1,1
DA:5,7
DA:6,7
DA:7,7
DA:9,5
DA:10,5
DA:11,5
DA:13,5
DA:14,5
DA:16,5
DA:18,5
DA:19,5
DA:20,5
DA:21,5
DA:23,5
DA:24,5
DA:25,5
DA:27,5
DA:28,5
DA:30,5
LF:20
LH:20
BRDA:5,0,0,7
BRDA:7,1,0,2
BRDA:7,2,0,5
BRF:3
BRH:3
end_of_record
TN:
SF:src/app/admin/delete-button.tsx
FN:1,(empty-report)
FNF:1
FNH:0
FNDA:0,(empty-report)
DA:1,0
DA:6,0
DA:7,0
DA:8,0
DA:9,0
DA:12,0
DA:13,0
DA:14,0
DA:15,0
DA:17,0
DA:18,0
DA:19,0
DA:20,0
DA:21,0
DA:22,0
DA:23,0
DA:24,0
DA:25,0
DA:26,0
DA:27,0
DA:28,0
DA:29,0
DA:30,0
DA:31,0
DA:32,0
DA:33,0
DA:35,0
DA:36,0
DA:37,0
DA:38,0
DA:39,0
DA:40,0
DA:42,0
DA:43,0
DA:44,0
DA:45,0
DA:47,0
LF:37
LH:0
BRDA:1,0,0,0
BRF:1
BRH:0
end_of_record
TN:
SF:src/app/admin/ui.tsx
FN:1,(empty-report)
FNF:1
FNH:0
FNDA:0,(empty-report)
DA:1,0
DA:5,0
DA:6,0
DA:8,0
DA:9,0
DA:11,0
DA:12,0
DA:13,0
DA:14,0
DA:16,0
DA:17,0
DA:18,0
DA:19,0
DA:20,0
DA:21,0
DA:22,0
DA:24,0
DA:25,0
DA:27,0
LF:19
LH:0
BRDA:1,0,0,0
BRF:1
BRH:0
end_of_record
TN:
SF:src/app/admin/alumnos/loading.tsx
FN:1,(empty-report)
FNF:1
FNH:0
FNDA:0,(empty-report)
DA:1,0
DA:3,0
DA:4,0
DA:5,0
LF:4
LH:0
BRDA:1,0,0,0
BRF:1
BRH:0
end_of_record
TN:
SF:src/app/admin/alumnos/page.tsx
FN:4,AdminAlumnosPage
FNF:1
FNH:1
FNDA:11,AdminAlumnosPage
DA:1,1
DA:4,11
DA:5,11
DA:6,11
DA:8,11
DA:9,11
DA:10,11
DA:11,11
DA:12,11
DA:13,11
DA:14,11
DA:16,11
DA:17,3
DA:19,3
DA:21,8
DA:22,8
DA:23,8
DA:24,8
DA:25,8
DA:27,8
DA:28,8
DA:30,8
DA:31,8
DA:33,8
DA:34,8
DA:36,8
DA:37,8
DA:38,8
DA:39,8
DA:40,8
DA:41,11
DA:42,11
DA:43,11
DA:44,11
DA:45,11
DA:46,11
DA:47,11
DA:48,11
DA:49,11
DA:50,11
DA:51,11
DA:52,11
DA:53,11
DA:55,11
DA:56,11
DA:57,11
DA:58,11
DA:59,11
DA:60,11
DA:61,11
DA:62,8
DA:63,8
DA:64,8
DA:65,8
DA:67,11
DA:69,11
LF:56
LH:56
BRDA:4,0,0,11
BRDA:16,1,0,3
BRDA:19,2,0,8
BRDA:40,3,0,11
BRF:4
BRH:4
end_of_record
TN:
SF:src/app/admin/assignments/actions.ts
FN:8,parseFormData
FN:21,crearAssignment
FN:38,actualizarAssignment
FNF:3
FNH:3
FNDA:14,parseFormData
FNDA:11,crearAssignment
FNDA:3,actualizarAssignment
DA:1,1
DA:8,14
DA:9,14
DA:10,14
DA:11,14
DA:12,14
DA:13,14
DA:14,14
DA:15,14
DA:16,14
DA:17,14
DA:18,14
DA:19,14
DA:21,11
DA:22,11
DA:23,11
DA:24,11
DA:25,11
DA:27,11
DA:28,11
DA:30,11
DA:31,5
DA:32,5
DA:34,6
DA:35,6
DA:36,6
DA:38,3
DA:39,3
DA:40,3
DA:41,3
DA:42,3
DA:44,3
DA:45,3
DA:46,3
DA:48,3
DA:49,1
DA:50,1
DA:52,2
DA:53,2
DA:54,2
LF:40
LH:40
BRDA:8,0,0,14
BRDA:11,1,0,12
BRDA:12,2,0,13
BRDA:16,3,0,13
BRDA:17,4,0,12
BRDA:21,5,0,11
BRDA:30,6,0,5
BRDA:32,7,0,6
BRDA:38,8,0,3
BRDA:48,9,0,1
BRDA:50,10,0,2
BRF:11
BRH:11
end_of_record
TN:
SF:src/app/admin/assignments/assignment-form.tsx
FN:1,(empty-report)
FNF:1
FNH:0
FNDA:0,(empty-report)
DA:1,0
DA:35,0
DA:36,0
DA:37,0
DA:38,0
DA:39,0
DA:43,0
DA:44,0
DA:45,0
DA:46,0
DA:47,0
DA:49,0
DA:50,0
DA:51,0
DA:52,0
DA:53,0
DA:54,0
DA:57,0
DA:58,0
DA:59,0
DA:60,0
DA:62,0
DA:63,0
DA:64,0
DA:65,0
DA:66,0
DA:67,0
DA:68,0
DA:69,0
DA:71,0
DA:72,0
DA:73,0
DA:74,0
DA:75,0
DA:77,0
DA:78,0
DA:79,0
DA:81,0
DA:82,0
DA:84,0
DA:86,0
DA:87,0
DA:88,0
DA:89,0
DA:90,0
DA:91,0
DA:92,0
DA:93,0
DA:94,0
DA:95,0
DA:96,0
DA:97,0
DA:98,0
DA:100,0
DA:101,0
DA:102,0
DA:103,0
DA:104,0
DA:105,0
DA:106,0
DA:107,0
DA:108,0
DA:109,0
DA:110,0
DA:111,0
DA:113,0
DA:114,0
DA:115,0
DA:117,0
DA:118,0
DA:119,0
DA:122,0
DA:123,0
DA:125,0
DA:127,0
DA:129,0
DA:132,0
DA:133,0
DA:134,0
DA:135,0
DA:136,0
DA:137,0
DA:138,0
DA:139,0
DA:141,0
DA:142,0
DA:143,0
DA:145,0
DA:146,0
DA:147,0
DA:148,0
DA:149,0
DA:151,0
DA:152,0
DA:153,0
DA:154,0
DA:156,0
DA:157,0
DA:158,0
DA:160,0
DA:161,0
DA:163,0
DA:164,0
DA:165,0
DA:166,0
DA:167,0
DA:168,0
DA:169,0
DA:170,0
DA:171,0
DA:172,0
DA:173,0
DA:176,0
DA:177,0
DA:178,0
DA:179,0
DA:181,0
DA:182,0
DA:183,0
DA:184,0
DA:185,0
DA:186,0
DA:187,0
DA:188,0
DA:189,0
DA:190,0
DA:191,0
DA:194,0
DA:195,0
DA:197,0
DA:198,0
DA:199,0
DA:200,0
DA:201,0
DA:202,0
DA:203,0
DA:204,0
DA:205,0
DA:208,0
DA:209,0
DA:211,0
DA:212,0
DA:213,0
DA:214,0
DA:215,0
DA:216,0
DA:217,0
DA:219,0
DA:220,0
DA:221,0
DA:222,0
DA:223,0
DA:224,0
DA:225,0
DA:226,0
DA:228,0
DA:229,0
DA:232,0
DA:233,0
DA:234,0
DA:236,0
DA:237,0
DA:238,0
DA:239,0
DA:240,0
DA:241,0
DA:242,0
DA:244,0
DA:245,0
DA:246,0
DA:247,0
DA:248,0
DA:249,0
DA:250,0
DA:251,0
DA:252,0
DA:253,0
DA:254,0
DA:255,0
DA:256,0
DA:257,0
DA:258,0
DA:260,0
DA:261,0
DA:262,0
DA:263,0
DA:264,0
DA:265,0
DA:266,0
DA:267,0
DA:269,0
DA:270,0
DA:271,0
DA:272,0
DA:273,0
DA:274,0
DA:275,0
DA:276,0
DA:277,0
DA:278,0
DA:279,0
DA:282,0
DA:283,0
DA:284,0
DA:286,0
DA:287,0
DA:288,0
DA:289,0
DA:290,0
DA:291,0
DA:292,0
DA:293,0
DA:294,0
DA:295,0
DA:296,0
DA:300,0
DA:301,0
DA:303,0
DA:304,0
DA:305,0
DA:306,0
DA:307,0
DA:308,0
DA:309,0
DA:310,0
DA:311,0
DA:314,0
DA:315,0
DA:316,0
DA:317,0
DA:318,0
DA:319,0
DA:321,0
DA:322,0
DA:323,0
DA:325,0
LF:236
LH:0
BRDA:1,0,0,0
BRF:1
BRH:0
end_of_record
TN:
SF:src/app/admin/assignments/delete-button.tsx
FN:1,(empty-report)
FNF:1
FNH:0
FNDA:0,(empty-report)
DA:1,0
DA:3,0
DA:4,0
DA:5,0
DA:6,0
DA:7,0
DA:8,0
DA:10,0
LF:8
LH:0
BRDA:1,0,0,0
BRF:1
BRH:0
end_of_record
TN:
SF:src/app/admin/assignments/delete-repos-button.tsx
FN:1,(empty-report)
FNF:1
FNH:0
FNDA:0,(empty-report)
DA:1,0
DA:6,0
DA:7,0
DA:8,0
DA:9,0
DA:12,0
DA:13,0
DA:14,0
DA:16,0
DA:17,0
DA:18,0
DA:19,0
DA:20,0
DA:22,0
DA:24,0
DA:25,0
DA:26,0
DA:27,0
DA:28,0
DA:29,0
DA:30,0
DA:31,0
DA:32,0
DA:34,0
DA:36,0
DA:37,0
DA:38,0
DA:39,0
DA:40,0
DA:41,0
DA:43,0
DA:44,0
DA:45,0
DA:46,0
DA:48,0
LF:35
LH:0
BRDA:1,0,0,0
BRF:1
BRH:0
end_of_record
TN:
SF:src/app/admin/assignments/loading.tsx
FN:1,(empty-report)
FNF:1
FNH:0
FNDA:0,(empty-report)
DA:1,0
DA:3,0
DA:4,0
DA:5,0
LF:4
LH:0
BRDA:1,0,0,0
BRF:1
BRH:0
end_of_record
TN:
SF:src/app/admin/assignments/page.tsx
FN:7,AdminAssignmentsPage
FNF:1
FNH:1
FNDA:18,AdminAssignmentsPage
DA:1,1
DA:7,18
DA:8,18
DA:11,18
DA:12,18
DA:13,18
DA:14,18
DA:15,18
DA:17,18
DA:18,18
DA:19,18
DA:20,18
DA:21,18
DA:22,18
DA:23,18
DA:24,18
DA:26,18
DA:27,18
DA:29,18
DA:30,4
DA:32,4
DA:34,14
DA:35,14
DA:36,14
DA:37,14
DA:38,14
DA:40,14
DA:41,14
DA:43,14
DA:44,14
DA:46,14
DA:47,14
DA:49,14
DA:50,14
DA:52,14
DA:53,14
DA:55,14
DA:56,14
DA:58,14
DA:59,14
DA:60,14
DA:61,14
DA:62,14
DA:63,14
DA:64,14
DA:65,0
DA:66,0
DA:67,14
DA:68,14
DA:69,14
DA:70,14
DA:71,14
DA:72,14
DA:73,14
DA:74,14
DA:75,14
DA:76,14
DA:77,14
DA:78,14
DA:79,14
DA:80,14
DA:81,14
DA:82,14
DA:83,14
DA:84,14
DA:85,1
DA:86,13
DA:87,14
DA:88,14
DA:89,14
DA:90,14
DA:91,14
DA:92,14
DA:93,14
DA:95,14
DA:96,14
DA:97,14
DA:98,14
DA:99,14
DA:101,14
DA:102,14
DA:103,14
DA:104,14
DA:105,14
DA:106,14
DA:107,14
DA:108,14
DA:109,14
DA:110,14
DA:111,14
DA:112,14
DA:113,14
DA:115,18
DA:117,18
LF:94
LH:92
BRDA:7,0,0,18
BRDA:29,1,0,4
BRDA:32,2,0,14
BRDA:68,3,0,14
BRDA:81,4,0,13
BRDA:84,5,0,1
BRDA:85,6,0,13
BRDA:104,7,0,13
BRF:8
BRH:8
end_of_record
TN:
SF:src/app/admin/assignments/[id]/entregas-table.tsx
FN:15,filterEntregas
FN:25,EntregasTable
FN:39,onChange
FNF:3
FNH:2
FNDA:19,filterEntregas
FNDA:12,EntregasTable
FNDA:0,onChange
DA:1,1
DA:15,1
DA:16,19
DA:17,19
DA:18,5
DA:19,5
DA:20,8
DA:21,6
DA:22,5
DA:23,5
DA:25,1
DA:26,12
DA:27,12
DA:29,12
DA:30,12
DA:31,12
DA:32,12
DA:34,12
DA:35,12
DA:36,12
DA:37,12
DA:38,12
DA:39,12
DA:40,12
DA:41,12
DA:42,12
DA:43,12
DA:45,12
DA:46,2
DA:47,2
DA:48,0
DA:49,2
DA:50,2
DA:52,10
DA:53,10
DA:54,10
DA:55,10
DA:57,10
DA:58,10
DA:60,10
DA:61,10
DA:63,10
DA:64,10
DA:66,10
DA:67,10
DA:68,10
DA:69,10
DA:70,10
DA:71,12
DA:72,12
DA:73,12
DA:74,12
DA:75,12
DA:76,12
DA:77,12
DA:78,12
DA:79,12
DA:80,0
DA:81,12
DA:82,11
DA:83,11
DA:84,11
DA:85,11
DA:86,11
DA:88,11
DA:89,11
DA:90,11
DA:91,11
DA:92,11
DA:94,11
DA:95,11
DA:96,11
DA:97,11
DA:98,11
DA:99,11
DA:100,11
DA:102,11
DA:104,1
DA:106,12
DA:107,12
DA:108,12
DA:109,12
DA:110,12
DA:111,10
DA:112,10
DA:113,10
DA:115,12
DA:117,12
LF:88
LH:86
BRDA:15,0,0,19
BRDA:17,1,0,14
BRDA:17,2,0,5
BRDA:19,3,0,8
BRDA:20,4,0,6
BRDA:21,5,0,1
BRDA:20,6,0,9
BRDA:25,7,0,12
BRDA:45,8,0,2
BRDA:47,9,0,0
BRDA:50,10,0,10
BRDA:70,11,0,12
BRDA:79,12,0,0
BRDA:81,13,0,11
BRDA:102,14,0,1
BRF:15
BRH:13
end_of_record
TN:
SF:src/app/admin/assignments/[id]/page.tsx
FN:14,AssignmentDetailPage
FNF:1
FNH:1
FNDA:23,AssignmentDetailPage
DA:1,1
DA:14,23
DA:15,23
DA:16,23
DA:18,23
DA:19,23
DA:21,23
DA:22,23
DA:24,22
DA:25,22
DA:26,22
DA:27,22
DA:28,3
DA:29,19
DA:30,23
DA:32,22
DA:33,23
DA:34,23
DA:35,23
DA:37,23
DA:38,23
DA:39,23
DA:41,23
DA:42,10
DA:43,10
DA:44,10
DA:45,10
DA:46,10
DA:47,10
DA:48,10
DA:49,10
DA:50,10
DA:51,10
DA:52,10
DA:53,10
DA:54,23
DA:56,23
DA:57,23
DA:59,23
DA:60,23
DA:61,23
DA:62,23
DA:63,23
DA:64,23
DA:66,23
DA:67,23
DA:68,23
DA:69,23
DA:70,23
DA:71,23
DA:72,23
DA:73,23
DA:74,23
DA:75,23
DA:76,23
DA:77,23
DA:79,23
DA:80,23
DA:81,23
DA:84,23
DA:85,23
DA:86,23
DA:87,23
DA:88,23
DA:89,23
DA:90,23
DA:91,23
DA:92,23
DA:93,1
DA:94,1
DA:95,1
DA:96,1
DA:98,23
DA:99,23
DA:100,21
DA:102,23
DA:103,23
DA:104,23
DA:105,23
DA:108,23
DA:109,23
DA:110,23
DA:111,23
DA:112,23
DA:113,23
DA:114,23
DA:115,23
DA:116,23
DA:117,23
DA:118,23
DA:119,23
DA:120,23
DA:121,23
DA:122,23
DA:123,23
DA:126,23
DA:127,23
DA:128,23
DA:129,23
DA:131,23
LF:100
LH:100
BRDA:14,0,0,23
BRDA:22,1,0,1
BRDA:22,2,0,22
BRDA:27,3,0,3
BRDA:28,4,0,19
BRDA:30,5,0,22
BRDA:33,6,0,19
BRDA:33,7,0,3
BRDA:92,8,0,1
BRDA:99,9,0,21
BRDA:120,10,0,19
BRDA:120,11,0,3
BRDA:38,12,0,5
BRDA:41,13,0,10
BRDA:49,14,0,10
BRDA:51,15,0,4
BRDA:51,16,0,6
BRDA:72,17,0,10
BRF:18
BRH:18
end_of_record
TN:
SF:src/app/admin/assignments/[id]/edit/loading.tsx
FN:1,(empty-report)
FNF:1
FNH:0
FNDA:0,(empty-report)
DA:1,0
DA:2,0
DA:3,0
DA:4,0
DA:5,0
DA:6,0
DA:7,0
DA:8,0
DA:9,0
DA:10,0
DA:11,0
DA:12,0
DA:13,0
DA:14,0
DA:15,0
DA:16,0
DA:17,0
DA:18,0
DA:19,0
LF:19
LH:0
BRDA:1,0,0,0
BRF:1
BRH:0
end_of_record
TN:
SF:src/app/admin/assignments/[id]/edit/page.tsx
FN:9,EditAssignmentPage
FNF:1
FNH:1
FNDA:10,EditAssignmentPage
DA:1,1
DA:9,10
DA:10,10
DA:11,10
DA:13,10
DA:14,10
DA:16,10
DA:17,10
DA:19,9
DA:21,8
DA:22,8
DA:23,8
DA:24,8
DA:25,8
DA:26,8
DA:27,8
DA:28,8
DA:29,8
DA:30,8
DA:31,8
DA:32,8
DA:33,8
DA:34,8
DA:35,10
DA:36,10
DA:37,0
DA:38,0
DA:39,10
DA:40,10
DA:41,10
DA:42,10
DA:44,10
LF:32
LH:30
BRDA:9,0,0,10
BRDA:17,1,0,1
BRDA:17,2,0,9
BRDA:19,3,0,8
BRDA:36,4,0,0
BRF:5
BRH:4
end_of_record
TN:
SF:src/app/admin/assignments/new/loading.tsx
FN:1,(empty-report)
FNF:1
FNH:0
FNDA:0,(empty-report)
DA:1,0
DA:2,0
DA:3,0
DA:4,0
DA:5,0
DA:6,0
DA:7,0
DA:8,0
DA:9,0
DA:10,0
DA:11,0
DA:12,0
DA:13,0
DA:14,0
DA:15,0
DA:16,0
DA:17,0
DA:19,0
LF:18
LH:0
BRDA:1,0,0,0
BRF:1
BRH:0
end_of_record
TN:
SF:src/app/admin/assignments/new/page.tsx
FN:5,NewAssignmentPage
FNF:1
FNH:1
FNDA:6,NewAssignmentPage
DA:1,1
DA:5,6
DA:6,6
DA:8,6
DA:10,5
DA:11,5
DA:12,5
DA:13,5
DA:14,5
DA:15,5
DA:16,5
DA:17,5
DA:18,5
DA:20,5
LF:14
LH:14
BRDA:5,0,0,6
BRDA:8,1,0,5
BRF:2
BRH:2
end_of_record
TN:
SF:src/app/admin/comisiones/actions.ts
FN:22,parseFormData
FN:30,crearComision
FN:47,actualizarComision
FNF:3
FNH:3
FNDA:13,parseFormData
FNDA:9,crearComision
FNDA:4,actualizarComision
DA:1,1
DA:12,1
DA:13,1
DA:14,1
DA:15,1
DA:16,1
DA:17,1
DA:18,1
DA:19,1
DA:20,1
DA:22,13
DA:23,13
DA:24,13
DA:25,13
DA:26,13
DA:27,13
DA:28,13
DA:30,9
DA:31,9
DA:32,9
DA:33,9
DA:34,9
DA:36,9
DA:37,9
DA:39,9
DA:40,4
DA:41,4
DA:43,5
DA:44,5
DA:45,5
DA:47,4
DA:48,4
DA:49,4
DA:50,4
DA:51,4
DA:53,4
DA:54,4
DA:55,4
DA:57,4
DA:58,1
DA:59,1
DA:61,3
DA:62,3
DA:63,3
LF:44
LH:44
BRDA:19,0,0,13
BRDA:19,1,0,0
BRDA:22,2,0,13
BRDA:24,3,0,1
BRDA:25,4,0,3
BRDA:30,5,0,9
BRDA:39,6,0,4
BRDA:41,7,0,5
BRDA:47,8,0,4
BRDA:57,9,0,1
BRDA:59,10,0,3
BRF:11
BRH:10
end_of_record
TN:
SF:src/app/admin/comisiones/comision-form.tsx
FN:1,(empty-report)
FNF:1
FNH:0
FNDA:0,(empty-report)
DA:1,0
DA:21,0
DA:22,0
DA:23,0
DA:25,0
DA:26,0
DA:27,0
DA:29,0
DA:30,0
DA:32,0
DA:33,0
DA:34,0
DA:35,0
DA:36,0
DA:37,0
DA:38,0
DA:39,0
DA:40,0
DA:41,0
DA:42,0
DA:43,0
DA:46,0
DA:47,0
DA:49,0
DA:50,0
DA:51,0
DA:52,0
DA:53,0
DA:54,0
DA:55,0
DA:56,0
DA:57,0
DA:58,0
DA:59,0
DA:60,0
DA:61,0
DA:64,0
DA:65,0
DA:66,0
DA:67,0
DA:68,0
DA:69,0
DA:70,0
DA:71,0
DA:72,0
DA:74,0
DA:75,0
DA:76,0
DA:78,0
DA:81,0
DA:82,0
DA:83,0
DA:84,0
DA:85,0
DA:86,0
DA:88,0
DA:89,0
DA:90,0
DA:92,0
LF:59
LH:0
BRDA:1,0,0,0
BRF:1
BRH:0
end_of_record
TN:
SF:src/app/admin/comisiones/delete-button.tsx
FN:1,(empty-report)
FNF:1
FNH:0
FNDA:0,(empty-report)
DA:1,0
DA:3,0
DA:4,0
DA:5,0
DA:6,0
DA:7,0
DA:8,0
DA:10,0
LF:8
LH:0
BRDA:1,0,0,0
BRF:1
BRH:0
end_of_record
TN:
SF:src/app/admin/comisiones/loading.tsx
FN:1,(empty-report)
FNF:1
FNH:0
FNDA:0,(empty-report)
DA:1,0
DA:3,0
DA:4,0
DA:5,0
LF:4
LH:0
BRDA:1,0,0,0
BRF:1
BRH:0
end_of_record
TN:
SF:src/app/admin/comisiones/page.tsx
FN:5,AdminComisionesPage
FNF:1
FNH:1
FNDA:12,AdminComisionesPage
DA:1,1
DA:5,12
DA:6,12
DA:7,12
DA:9,12
DA:10,12
DA:11,12
DA:12,12
DA:13,12
DA:14,12
DA:15,12
DA:16,12
DA:18,12
DA:19,12
DA:21,12
DA:22,4
DA:24,4
DA:26,8
DA:27,8
DA:28,8
DA:29,8
DA:30,8
DA:31,8
DA:32,8
DA:33,8
DA:34,8
DA:35,8
DA:36,8
DA:37,8
DA:38,8
DA:39,8
DA:40,8
DA:41,8
DA:42,8
DA:43,8
DA:44,8
DA:45,1
DA:46,1
DA:48,1
DA:50,7
DA:52,8
DA:53,8
DA:54,8
DA:55,8
DA:56,8
DA:57,8
DA:58,8
DA:60,8
DA:61,8
DA:62,8
DA:63,8
DA:64,8
DA:65,8
DA:66,8
DA:67,8
DA:68,8
DA:70,12
DA:72,12
LF:58
LH:58
BRDA:5,0,0,12
BRDA:21,1,0,4
BRDA:24,2,0,8
BRDA:37,3,0,8
BRDA:44,4,0,1
BRDA:48,5,0,7
BRF:6
BRH:6
end_of_record
TN:
SF:src/app/admin/comisiones/[id]/edit/loading.tsx
FN:1,(empty-report)
FNF:1
FNH:0
FNDA:0,(empty-report)
DA:1,0
DA:2,0
DA:3,0
DA:4,0
DA:5,0
LF:5
LH:0
BRDA:1,0,0,0
BRF:1
BRH:0
end_of_record
TN:
SF:src/app/admin/comisiones/[id]/edit/page.tsx
FN:7,EditComisionPage
FNF:1
FNH:1
FNDA:7,EditComisionPage
DA:1,1
DA:7,7
DA:8,7
DA:9,7
DA:11,7
DA:12,7
DA:14,7
DA:15,7
DA:17,6
DA:18,6
DA:19,6
DA:20,6
DA:21,6
DA:22,6
DA:23,6
DA:24,6
DA:25,6
DA:26,6
DA:27,6
DA:28,6
DA:29,6
DA:30,6
DA:32,6
LF:23
LH:23
BRDA:7,0,0,7
BRDA:15,1,0,1
BRDA:15,2,0,6
BRF:3
BRH:3
end_of_record
TN:
SF:src/app/admin/comisiones/new/loading.tsx
FN:1,(empty-report)
FNF:1
FNH:0
FNDA:0,(empty-report)
DA:1,0
DA:3,0
DA:4,0
DA:5,0
LF:4
LH:0
BRDA:1,0,0,0
BRF:1
BRH:0
end_of_record
TN:
SF:src/app/admin/comisiones/new/page.tsx
FN:5,NewComisionPage
FNF:1
FNH:1
FNDA:4,NewComisionPage
DA:1,1
DA:5,4
DA:6,4
DA:8,3
DA:9,3
DA:10,3
DA:11,3
DA:12,3
DA:14,3
LF:9
LH:9
BRDA:5,0,0,4
BRDA:6,1,0,3
BRF:2
BRH:2
end_of_record
TN:
SF:src/app/admin/grupos/loading.tsx
FN:1,(empty-report)
FNF:1
FNH:0
FNDA:0,(empty-report)
DA:1,0
DA:3,0
DA:4,0
DA:5,0
LF:4
LH:0
BRDA:1,0,0,0
BRF:1
BRH:0
end_of_record
TN:
SF:src/app/admin/grupos/page.tsx
FN:6,AdminGruposPage
FNF:1
FNH:1
FNDA:18,AdminGruposPage
DA:1,1
DA:6,18
DA:7,18
DA:8,18
DA:10,18
DA:11,18
DA:13,18
DA:14,18
DA:15,18
DA:16,5
DA:17,13
DA:19,18
DA:21,18
DA:22,18
DA:23,18
DA:24,18
DA:27,18
DA:30,18
DA:31,18
DA:32,18
DA:33,18
DA:34,18
DA:35,13
DA:36,5
DA:37,18
DA:38,18
DA:40,18
DA:41,18
DA:42,54
DA:43,54
DA:44,54
DA:45,54
DA:46,54
DA:47,5
DA:48,49
DA:49,54
DA:51,54
DA:52,54
DA:53,18
DA:54,18
DA:56,18
DA:57,13
DA:58,13
DA:59,5
DA:60,8
DA:61,13
DA:63,5
DA:64,5
DA:65,6
DA:66,6
DA:67,6
DA:69,6
DA:70,6
DA:71,6
DA:72,6
DA:73,6
DA:74,6
DA:75,6
DA:76,6
DA:77,6
DA:78,6
DA:79,6
DA:80,13
DA:81,13
DA:82,13
DA:84,13
DA:85,13
DA:86,6
DA:87,6
DA:88,6
DA:89,5
DA:90,5
DA:92,18
DA:94,18
LF:74
LH:74
BRDA:6,0,0,18
BRDA:15,1,0,5
BRDA:16,2,0,13
BRDA:34,3,0,13
BRDA:35,4,0,5
BRDA:56,5,0,13
BRDA:58,6,0,5
BRDA:59,7,0,8
BRDA:61,8,0,5
BRDA:41,9,0,54
BRDA:46,10,0,5
BRDA:47,11,0,49
BRDA:64,12,0,6
BRDA:79,13,0,13
BRF:14
BRH:14
end_of_record
TN:
SF:src/app/api/assignments/route.ts
FN:1,(empty-report)
FNF:1
FNH:0
FNDA:0,(empty-report)
DA:1,0
DA:5,0
DA:6,0
DA:7,0
DA:9,0
DA:10,0
DA:11,0
LF:7
LH:0
BRDA:1,0,0,0
BRF:1
BRH:0
end_of_record
TN:
SF:src/app/api/assignments/[id]/route.ts
FN:6,DELETE
FN:22,PATCH
FNF:2
FNH:2
FNDA:4,DELETE
FNDA:4,PATCH
DA:1,1
DA:6,4
DA:7,4
DA:8,4
DA:9,4
DA:10,4
DA:11,4
DA:13,3
DA:14,4
DA:15,1
DA:16,1
DA:18,2
DA:19,2
DA:20,2
DA:22,4
DA:23,4
DA:24,4
DA:25,4
DA:26,4
DA:27,4
DA:29,3
DA:30,4
DA:31,1
DA:32,1
DA:34,2
DA:35,2
DA:36,4
DA:37,0
DA:38,0
DA:39,0
DA:40,0
DA:41,0
DA:43,2
DA:44,2
DA:45,2
LF:35
LH:30
BRDA:6,0,0,4
BRDA:11,1,0,1
BRDA:11,2,0,3
BRDA:14,3,0,1
BRDA:16,4,0,2
BRDA:22,5,0,4
BRDA:27,6,0,1
BRDA:27,7,0,3
BRDA:30,8,0,1
BRDA:32,9,0,2
BRDA:36,10,0,0
BRDA:41,11,0,2
BRF:12
BRH:11
end_of_record
TN:
SF:src/app/api/assignments/[id]/accept/route.ts
FN:8,POST
FNF:1
FNH:1
FNDA:13,POST
DA:1,1
DA:8,13
DA:9,13
DA:10,13
DA:11,13
DA:12,13
DA:13,13
DA:15,13
DA:16,2
DA:17,2
DA:18,2
DA:19,2
DA:20,2
DA:22,10
DA:24,13
DA:25,1
DA:26,1
DA:29,9
DA:30,13
DA:31,1
DA:32,1
DA:33,1
DA:34,1
DA:35,1
DA:38,8
DA:39,8
DA:41,13
DA:42,4
DA:43,4
DA:44,1
DA:45,1
DA:46,1
DA:47,1
DA:48,1
DA:49,1
DA:50,1
DA:51,1
DA:52,3
DA:53,3
DA:54,4
DA:55,4
DA:56,4
DA:59,7
DA:60,0
DA:61,7
DA:64,13
DA:67,13
DA:68,1
DA:69,1
DA:70,1
DA:71,1
DA:72,1
DA:73,1
DA:74,1
DA:75,1
DA:76,1
DA:77,1
DA:80,6
DA:81,6
DA:82,6
DA:83,6
DA:84,6
DA:85,6
DA:86,6
DA:88,6
DA:89,6
DA:90,6
DA:91,6
DA:92,6
DA:93,6
DA:94,6
DA:96,6
DA:97,13
DA:98,1
DA:99,1
DA:100,1
DA:101,1
DA:102,13
LF:78
LH:77
BRDA:8,0,0,13
BRDA:13,1,0,12
BRDA:15,2,0,2
BRDA:20,3,0,10
BRDA:24,4,0,1
BRDA:26,5,0,9
BRDA:30,6,0,1
BRDA:35,7,0,8
BRDA:41,8,0,4
BRDA:43,9,0,1
BRDA:51,10,0,3
BRDA:56,11,0,7
BRDA:59,12,0,0
BRDA:60,13,0,7
BRDA:67,14,0,7
BRDA:67,15,0,1
BRDA:77,16,0,6
BRDA:97,17,0,1
BRDA:99,18,0,0
BRDA:52,19,0,5
BRF:20
BRH:18
end_of_record
TN:
SF:src/app/api/assignments/[id]/repos/route.ts
FN:6,DELETE
FNF:1
FNH:1
FNDA:9,DELETE
DA:1,1
DA:6,9
DA:7,9
DA:8,9
DA:9,9
DA:10,9
DA:11,9
DA:13,8
DA:14,9
DA:15,1
DA:16,1
DA:18,7
DA:19,7
DA:21,9
DA:22,3
DA:23,3
DA:25,4
DA:26,4
DA:28,4
DA:29,4
LF:20
LH:20
BRDA:6,0,0,9
BRDA:11,1,0,1
BRDA:11,2,0,8
BRDA:14,3,0,1
BRDA:16,4,0,7
BRDA:21,5,0,3
BRDA:23,6,0,4
BRDA:19,7,0,8
BRDA:25,8,0,6
BRF:9
BRH:9
end_of_record
TN:
SF:src/app/api/auth/[...nextauth]/route.ts
FN:1,(empty-report)
FNF:1
FNH:0
FNDA:0,(empty-report)
DA:1,0
DA:2,0
DA:3,0
LF:3
LH:0
BRDA:1,0,0,0
BRF:1
BRH:0
end_of_record
TN:
SF:src/app/api/comisiones/[id]/route.ts
FN:1,(empty-report)
FNF:1
FNH:0
FNDA:0,(empty-report)
DA:1,0
DA:2,0
DA:3,0
DA:4,0
DA:5,0
DA:6,0
DA:7,0
DA:8,0
DA:9,0
DA:10,0
DA:11,0
DA:12,0
DA:13,0
DA:14,0
DA:15,0
DA:16,0
DA:17,0
DA:18,0
DA:19,0
LF:19
LH:0
BRDA:1,0,0,0
BRF:1
BRH:0
end_of_record
TN:
SF:src/app/api/registro/route.ts
FN:1,(empty-report)
FNF:1
FNH:0
FNDA:0,(empty-report)
DA:1,0
DA:5,0
DA:6,0
DA:7,0
DA:8,0
DA:11,0
DA:13,0
DA:15,0
DA:16,0
DA:17,0
DA:19,0
DA:20,0
DA:21,0
DA:22,0
DA:23,0
DA:24,0
LF:16
LH:0
BRDA:1,0,0,0
BRF:1
BRH:0
end_of_record
TN:
SF:src/app/components/PageSkeleton.tsx
FN:1,(empty-report)
FNF:1
FNH:0
FNDA:0,(empty-report)
DA:1,0
DA:2,0
DA:3,0
DA:4,0
DA:5,0
DA:6,0
DA:7,0
DA:8,0
DA:9,0
DA:10,0
DA:11,0
DA:13,0
DA:15,0
DA:16,0
DA:17,0
DA:18,0
DA:19,0
DA:21,0
DA:23,0
DA:24,0
DA:26,0
DA:27,0
DA:28,0
DA:29,0
DA:30,0
DA:32,0
DA:35,0
DA:36,0
DA:37,0
DA:38,0
DA:39,0
DA:40,0
DA:41,0
DA:42,0
DA:44,0
DA:45,0
DA:46,0
DA:47,0
DA:48,0
DA:50,0
DA:51,0
DA:52,0
DA:53,0
DA:54,0
DA:55,0
DA:56,0
DA:57,0
DA:58,0
DA:59,0
DA:60,0
DA:61,0
DA:62,0
DA:63,0
DA:64,0
DA:65,0
DA:67,0
DA:70,0
DA:71,0
DA:72,0
DA:73,0
DA:74,0
DA:75,0
DA:76,0
DA:77,0
DA:78,0
DA:79,0
DA:80,0
DA:81,0
DA:82,0
DA:83,0
DA:84,0
DA:85,0
DA:86,0
DA:87,0
DA:88,0
DA:89,0
DA:91,0
LF:77
LH:0
BRDA:1,0,0,0
BRF:1
BRH:0
end_of_record
TN:
SF:src/app/dashboard/accept-button.tsx
FN:1,(empty-report)
FNF:1
FNH:0
FNDA:0,(empty-report)
DA:1,0
DA:5,0
DA:6,0
DA:8,0
DA:9,0
DA:10,0
DA:11,0
DA:12,0
DA:13,0
DA:14,0
DA:15,0
DA:16,0
DA:17,0
DA:18,0
DA:19,0
DA:21,0
DA:22,0
DA:23,0
DA:24,0
DA:25,0
DA:26,0
DA:28,0
DA:29,0
DA:30,0
DA:31,0
DA:32,0
DA:33,0
DA:35,0
DA:37,0
DA:39,0
DA:40,0
DA:41,0
DA:43,0
LF:33
LH:0
BRDA:1,0,0,0
BRF:1
BRH:0
end_of_record
TN:
SF:src/app/dashboard/loading.tsx
FN:1,(empty-report)
FNF:1
FNH:0
FNDA:0,(empty-report)
DA:1,0
DA:3,0
DA:4,0
DA:5,0
LF:4
LH:0
BRDA:1,0,0,0
BRF:1
BRH:0
end_of_record
TN:
SF:src/app/dashboard/page.tsx
FN:10,__vite_ssr_import_6__.unstable_cache.revalidate
FN:15,DashboardPage
FNF:2
FNH:2
FNDA:3,__vite_ssr_import_6__.unstable_cache.revalidate
FNDA:17,DashboardPage
DA:1,1
DA:9,1
DA:10,1
DA:11,1
DA:12,1
DA:13,1
DA:15,17
DA:16,17
DA:19,17
DA:20,3
DA:21,3
DA:22,3
DA:25,16
DA:26,16
DA:27,16
DA:28,16
DA:30,16
DA:31,16
DA:32,16
DA:33,11
DA:34,11
DA:35,16
DA:37,16
DA:38,16
DA:39,16
DA:40,16
DA:41,16
DA:43,16
DA:45,16
DA:46,5
DA:48,5
DA:50,11
DA:51,11
DA:52,11
DA:53,11
DA:54,11
DA:56,11
DA:57,11
DA:58,11
DA:59,11
DA:60,11
DA:61,11
DA:62,11
DA:63,11
DA:64,11
DA:65,11
DA:66,11
DA:67,1
DA:68,1
DA:69,1
DA:71,11
DA:72,1
DA:73,1
DA:74,1
DA:75,1
DA:76,1
DA:77,1
DA:78,1
DA:79,1
DA:81,11
DA:83,11
DA:84,11
DA:85,1
DA:86,1
DA:87,1
DA:88,1
DA:89,1
DA:91,1
DA:92,1
DA:93,1
DA:94,1
DA:95,1
DA:97,1
DA:98,1
DA:99,1
DA:100,1
DA:101,1
DA:102,1
DA:103,1
DA:105,1
DA:107,10
DA:109,11
DA:110,11
DA:111,11
DA:112,11
DA:114,17
DA:116,17
LF:87
LH:87
BRDA:10,0,0,3
BRDA:15,1,0,17
BRDA:19,2,0,3
BRDA:21,3,0,1
BRDA:22,4,0,16
BRDA:45,5,0,5
BRDA:48,6,0,11
BRDA:32,7,0,11
BRDA:34,8,0,10
BRDA:51,9,0,11
BRDA:66,10,0,1
BRDA:71,11,0,1
BRDA:84,12,0,1
BRDA:105,13,0,10
BRF:14
BRH:14
end_of_record
TN:
SF:src/app/hooks/useApiCall.ts
FN:1,(empty-report)
FNF:1
FNH:0
FNDA:0,(empty-report)
DA:1,0
DA:5,0
DA:6,0
DA:7,0
DA:9,0
DA:10,0
DA:11,0
DA:12,0
DA:13,0
DA:14,0
DA:15,0
DA:16,0
DA:17,0
DA:18,0
DA:19,0
DA:21,0
DA:22,0
LF:17
LH:0
BRDA:1,0,0,0
BRF:1
BRH:0
end_of_record
TN:
SF:src/app/login/page.tsx
FN:3,LoginPage
FN:9,action
FNF:2
FNH:1
FNDA:4,LoginPage
FNDA:0,action
DA:1,1
DA:3,4
DA:4,4
DA:5,4
DA:6,4
DA:7,4
DA:8,4
DA:9,4
DA:10,0
DA:11,0
DA:12,0
DA:14,4
DA:15,4
DA:16,4
DA:18,4
DA:19,4
DA:20,4
DA:22,4
DA:23,4
DA:24,4
DA:26,4
DA:27,4
DA:28,4
DA:30,4
LF:24
LH:21
BRDA:3,0,0,4
BRF:1
BRH:1
end_of_record
TN:
SF:src/app/registro/page.tsx
FN:7,RegistroPage
FNF:1
FNH:1
FNDA:10,RegistroPage
DA:1,1
DA:7,10
DA:8,10
DA:9,10
DA:11,9
DA:12,9
DA:15,9
DA:16,10
DA:18,8
DA:19,8
DA:20,8
DA:21,8
DA:23,8
DA:24,8
DA:25,8
DA:26,8
DA:27,8
DA:29,8
DA:30,8
DA:31,10
DA:32,10
DA:33,10
DA:34,10
DA:36,10
LF:24
LH:24
BRDA:7,0,0,10
BRDA:9,1,0,1
BRDA:9,2,0,9
BRDA:16,3,0,1
BRDA:16,4,0,8
BRDA:31,5,0,0
BRDA:32,6,0,8
BRDA:32,7,0,0
BRF:8
BRH:6
end_of_record
TN:
SF:src/app/registro/registro-form.tsx
FN:1,(empty-report)
FNF:1
FNH:0
FNDA:0,(empty-report)
DA:1,0
DA:6,0
DA:7,0
DA:8,0
DA:9,0
DA:10,0
DA:14,0
DA:15,0
DA:16,0
DA:19,0
DA:20,0
DA:21,0
DA:23,0
DA:24,0
DA:25,0
DA:26,0
DA:27,0
DA:28,0
DA:29,0
DA:30,0
DA:31,0
DA:32,0
DA:33,0
DA:34,0
DA:35,0
DA:36,0
DA:37,0
DA:38,0
DA:39,0
DA:40,0
DA:41,0
DA:42,0
DA:43,0
DA:44,0
DA:45,0
DA:47,0
DA:48,0
DA:49,0
DA:50,0
DA:51,0
DA:53,0
DA:54,0
DA:56,0
DA:58,0
DA:59,0
DA:61,0
DA:62,0
DA:64,0
DA:65,0
DA:66,0
DA:67,0
DA:68,0
DA:69,0
DA:70,0
DA:73,0
DA:74,0
DA:75,0
DA:76,0
DA:77,0
DA:78,0
DA:79,0
DA:80,0
DA:81,0
DA:82,0
DA:83,0
DA:84,0
DA:87,0
DA:88,0
DA:89,0
DA:90,0
DA:91,0
DA:92,0
DA:93,0
DA:94,0
DA:95,0
DA:96,0
DA:97,0
DA:100,0
DA:101,0
DA:102,0
DA:103,0
DA:104,0
DA:105,0
DA:106,0
DA:107,0
DA:108,0
DA:109,0
DA:110,0
DA:113,0
DA:114,0
DA:115,0
DA:116,0
DA:117,0
DA:118,0
DA:119,0
DA:120,0
DA:121,0
DA:122,0
DA:123,0
DA:124,0
DA:126,0
DA:127,0
DA:128,0
DA:129,0
DA:132,0
DA:133,0
DA:134,0
DA:135,0
DA:137,0
DA:138,0
DA:139,0
DA:141,0
LF:112
LH:0
BRDA:1,0,0,0
BRF:1
BRH:0
end_of_record
TN:
SF:src/domain/entities/Alumno.ts
FN:5,Alumno
FN:28,get nombreCompleto
FNF:2
FNH:1
FNDA:25,Alumno
FNDA:0,get nombreCompleto
DA:1,1
DA:4,1
DA:5,1
DA:6,25
DA:7,25
DA:9,1
DA:10,1
DA:12,1
DA:13,1
DA:15,1
DA:16,1
DA:18,1
DA:19,1
DA:21,1
DA:22,1
DA:25,1
DA:26,1
DA:28,1
DA:29,0
DA:30,0
DA:31,1
LF:21
LH:19
BRDA:5,0,0,25
BRF:1
BRH:1
end_of_record
TN:
SF:src/domain/entities/Assignment.ts
FN:15,Assignment
FN:44,__vite_ssr_import_0__.ManyToOne.nullable
FNF:2
FNH:1
FNDA:79,Assignment
FNDA:0,__vite_ssr_import_0__.ManyToOne.nullable
DA:1,1
DA:14,1
DA:15,1
DA:16,79
DA:17,79
DA:19,79
DA:20,79
DA:22,79
DA:23,79
DA:25,79
DA:26,79
DA:28,79
DA:29,79
DA:31,79
DA:32,79
DA:34,79
DA:35,79
DA:37,79
DA:38,79
DA:40,79
DA:41,79
DA:43,1
DA:44,1
DA:45,1
LF:24
LH:24
BRDA:15,0,0,79
BRF:1
BRH:1
end_of_record
TN:
SF:src/domain/entities/Comision.ts
FN:28,Comision
FNF:1
FNH:0
FNDA:0,Comision
DA:1,1
DA:11,1
DA:12,1
DA:13,1
DA:14,1
DA:16,1
DA:17,1
DA:19,1
DA:20,1
DA:22,1
DA:23,1
DA:25,1
DA:26,1
DA:28,1
DA:29,0
DA:30,0
DA:31,0
DA:32,1
LF:18
LH:15
BRF:0
BRH:0
end_of_record
TN:
SF:src/domain/entities/Entrega.ts
FN:13,Entrega
FN:44,hasRepo
FN:18,__vite_ssr_import_0__.ManyToOne.deleteRule
FN:22,__vite_ssr_import_0__.ManyToOne.nullable
FN:26,__vite_ssr_import_0__.ManyToOne.nullable
FNF:5
FNH:1
FNDA:36,Entrega
FNDA:0,hasRepo
FNDA:0,__vite_ssr_import_0__.ManyToOne.deleteRule
FNDA:0,__vite_ssr_import_0__.ManyToOne.nullable
FNDA:0,__vite_ssr_import_0__.ManyToOne.nullable
DA:1,1
DA:12,1
DA:13,1
DA:14,36
DA:15,36
DA:17,36
DA:18,36
DA:21,36
DA:22,36
DA:25,36
DA:26,36
DA:29,36
DA:30,36
DA:32,36
DA:33,36
DA:35,36
DA:36,36
DA:38,36
DA:39,36
DA:41,36
DA:42,36
DA:44,1
DA:45,0
DA:46,0
DA:47,1
LF:25
LH:23
BRDA:13,0,0,36
BRF:1
BRH:1
end_of_record
TN:
SF:src/domain/entities/GrupalAssignment.ts
FN:6,GrupalAssignment
FNF:1
FNH:1
FNDA:3,GrupalAssignment
DA:1,1
DA:5,1
DA:6,1
DA:7,3
DA:8,3
DA:10,3
DA:11,3
DA:12,1
LF:8
LH:8
BRDA:6,0,0,3
BRF:1
BRH:1
end_of_record
TN:
SF:src/domain/entities/Grupo.ts
FN:16,Grupo
FN:38,isOpen
FN:42,canJoin
FN:46,addMember
FNF:4
FNH:1
FNDA:4,Grupo
FNDA:0,isOpen
FNDA:0,canJoin
FNDA:0,addMember
DA:1,1
DA:15,1
DA:16,1
DA:17,4
DA:18,4
DA:20,4
DA:21,4
DA:23,4
DA:24,4
DA:26,4
DA:27,4
DA:29,1
DA:30,1
DA:32,1
DA:33,1
DA:35,1
DA:36,1
DA:38,1
DA:39,0
DA:40,0
DA:42,1
DA:43,0
DA:44,0
DA:46,1
DA:47,0
DA:48,0
DA:49,0
DA:50,0
DA:51,0
DA:52,0
DA:53,0
DA:54,0
DA:55,0
DA:56,1
LF:34
LH:21
BRDA:16,0,0,4
BRF:1
BRH:1
end_of_record
TN:
SF:src/domain/entities/IndividualAssignment.ts
FN:6,IndividualAssignment
FNF:1
FNH:1
FNDA:76,IndividualAssignment
DA:1,1
DA:5,1
DA:6,1
DA:8,76
DA:9,76
DA:10,1
LF:6
LH:6
BRDA:6,0,0,76
BRF:1
BRH:1
end_of_record
TN:
SF:src/domain/entities/index.ts
FNF:0
FNH:0
DA:1,1
LF:1
LH:1
BRF:0
BRH:0
end_of_record
TN:
SF:src/lib/api-auth.ts
FN:6,guardAdmin
FN:15,guardUser
FNF:2
FNH:1
FNDA:8,guardAdmin
FNDA:0,guardUser
DA:1,1
DA:4,1
DA:6,8
DA:7,8
DA:8,8
DA:9,6
DA:10,8
DA:11,2
DA:12,2
DA:13,8
DA:15,0
DA:16,0
DA:17,0
DA:18,0
DA:19,0
DA:20,0
DA:21,0
DA:22,0
LF:18
LH:10
BRDA:6,0,0,8
BRDA:8,1,0,6
BRDA:10,2,0,2
BRF:3
BRH:3
end_of_record
TN:
SF:src/lib/assignment-schema.ts
FN:24,AssignmentBaseSchema.refine.message
FNF:1
FNH:1
FNDA:14,AssignmentBaseSchema.refine.message
DA:1,1
DA:4,1
DA:5,1
DA:6,1
DA:7,1
DA:8,1
DA:9,1
DA:10,1
DA:11,1
DA:12,1
DA:13,1
DA:14,1
DA:15,1
DA:16,1
DA:17,1
DA:18,1
DA:19,1
DA:20,1
DA:21,1
DA:23,1
DA:24,1
DA:25,1
DA:26,1
LF:23
LH:23
BRDA:24,0,0,14
BRDA:24,1,0,3
BRF:2
BRH:2
end_of_record
TN:
SF:src/lib/auth.ts
FN:1,(empty-report)
FNF:1
FNH:0
FNDA:0,(empty-report)
DA:1,0
DA:5,0
DA:6,0
DA:7,0
DA:8,0
DA:10,0
DA:11,0
DA:12,0
DA:13,0
DA:14,0
DA:16,0
DA:17,0
DA:18,0
DA:20,0
DA:21,0
DA:23,0
DA:24,0
DA:25,0
DA:26,0
DA:27,0
DA:29,0
DA:30,0
DA:31,0
DA:32,0
DA:33,0
DA:34,0
DA:35,0
DA:36,0
DA:38,0
DA:39,0
DA:40,0
DA:41,0
DA:43,0
DA:44,0
DA:45,0
DA:46,0
LF:36
LH:0
BRDA:1,0,0,0
BRF:1
BRH:0
end_of_record
TN:
SF:src/lib/db.ts
FN:1,(empty-report)
FNF:1
FNH:0
FNDA:0,(empty-report)
DA:1,0
DA:16,0
DA:17,0
DA:18,0
DA:19,0
DA:20,0
DA:22,0
DA:23,0
DA:24,0
DA:25,0
DA:28,0
DA:29,0
DA:30,0
DA:31,0
DA:32,0
DA:33,0
DA:34,0
DA:36,0
DA:37,0
DA:41,0
DA:42,0
DA:43,0
DA:44,0
DA:47,0
DA:48,0
DA:49,0
DA:50,0
DA:51,0
DA:52,0
DA:53,0
DA:54,0
DA:55,0
DA:56,0
DA:57,0
LF:34
LH:0
BRDA:1,0,0,0
BRF:1
BRH:0
end_of_record
TN:
SF:src/lib/github-errors.ts
FN:3,isRequestError
FN:7,handleOctokitError
FNF:2
FNH:2
FNDA:7,isRequestError
FNDA:10,handleOctokitError
DA:3,1
DA:4,7
DA:5,7
DA:7,1
DA:8,10
DA:9,9
DA:10,1
DA:11,1
DA:12,1
DA:13,1
DA:14,9
DA:15,1
DA:16,1
DA:17,1
DA:18,1
DA:19,9
DA:20,1
DA:21,1
DA:22,1
DA:23,1
DA:24,9
DA:26,10
DA:27,5
DA:28,1
DA:29,1
DA:30,1
DA:31,1
DA:32,5
DA:33,1
DA:34,1
DA:35,1
DA:36,1
DA:37,5
DA:38,1
DA:39,1
DA:40,1
DA:41,1
DA:42,5
DA:43,1
DA:44,1
DA:45,1
DA:46,1
DA:47,1
DA:48,1
DA:49,1
DA:50,1
DA:51,1
DA:52,5
DA:54,2
DA:55,2
LF:50
LH:50
BRDA:3,0,0,7
BRDA:4,1,0,6
BRDA:7,2,0,10
BRDA:8,3,0,9
BRDA:9,4,0,1
BRDA:13,5,0,8
BRDA:14,6,0,1
BRDA:18,7,0,7
BRDA:19,8,0,1
BRDA:24,9,0,7
BRDA:26,10,0,5
BRDA:27,11,0,1
BRDA:31,12,0,4
BRDA:32,13,0,1
BRDA:36,14,0,3
BRDA:37,15,0,2
BRDA:37,16,0,1
BRDA:41,17,0,2
BRDA:42,18,0,1
BRDA:52,19,0,2
BRF:20
BRH:20
end_of_record
TN:
SF:src/lib/github.ts
FN:1,(empty-report)
FNF:1
FNH:0
FNDA:0,(empty-report)
DA:1,0
DA:6,0
DA:12,0
DA:14,0
DA:15,0
DA:17,0
DA:18,0
DA:19,0
DA:20,0
DA:21,0
DA:22,0
DA:24,0
DA:25,0
DA:26,0
DA:27,0
DA:28,0
DA:29,0
DA:30,0
DA:31,0
DA:32,0
DA:34,0
DA:35,0
DA:36,0
DA:37,0
DA:38,0
DA:40,0
DA:41,0
DA:52,0
DA:53,0
DA:54,0
DA:55,0
DA:57,0
DA:58,0
DA:59,0
DA:60,0
DA:61,0
DA:62,0
DA:63,0
DA:64,0
DA:65,0
DA:66,0
DA:68,0
DA:69,0
DA:70,0
DA:71,0
DA:72,0
DA:73,0
DA:74,0
DA:75,0
DA:79,0
DA:80,0
DA:81,0
DA:82,0
DA:83,0
DA:84,0
DA:86,0
DA:87,0
DA:88,0
DA:89,0
DA:90,0
DA:91,0
DA:92,0
DA:93,0
DA:94,0
DA:95,0
DA:96,0
DA:97,0
DA:98,0
DA:99,0
DA:100,0
DA:105,0
DA:111,0
DA:112,0
DA:113,0
DA:114,0
DA:115,0
DA:116,0
DA:118,0
DA:120,0
DA:121,0
DA:122,0
DA:123,0
DA:124,0
DA:125,0
DA:128,0
DA:130,0
DA:132,0
DA:133,0
DA:137,0
DA:138,0
DA:139,0
DA:140,0
DA:142,0
DA:143,0
DA:144,0
DA:145,0
DA:146,0
DA:147,0
DA:148,0
DA:150,0
DA:151,0
DA:152,0
DA:153,0
DA:154,0
DA:155,0
DA:156,0
DA:157,0
DA:158,0
DA:159,0
DA:160,0
DA:164,0
DA:165,0
DA:166,0
DA:167,0
DA:168,0
DA:170,0
DA:171,0
DA:172,0
DA:173,0
DA:177,0
DA:178,0
DA:179,0
DA:180,0
DA:181,0
DA:182,0
DA:183,0
DA:184,0
DA:185,0
DA:189,0
DA:191,0
DA:192,0
DA:194,0
DA:195,0
DA:196,0
DA:197,0
DA:198,0
DA:199,0
DA:201,0
DA:202,0
DA:203,0
DA:204,0
DA:205,0
DA:206,0
DA:207,0
DA:208,0
DA:209,0
DA:210,0
DA:211,0
LF:148
LH:0
BRDA:1,0,0,0
BRF:1
BRH:0
end_of_record
TN:
SF:src/lib/naming.ts
FN:9,buildRepoName
FN:27,slugify
FN:41,extractTemplateName
FNF:3
FNH:3
FNDA:12,buildRepoName
FNDA:6,slugify
FNDA:3,extractTemplateName
DA:9,1
DA:13,12
DA:14,12
DA:15,4
DA:16,8
DA:17,7
DA:18,1
DA:20,12
DA:21,12
DA:27,1
DA:28,6
DA:29,6
DA:30,6
DA:31,6
DA:32,6
DA:33,6
DA:34,6
DA:41,1
DA:42,3
DA:43,2
DA:44,1
DA:45,3
LF:22
LH:22
BRDA:9,0,0,12
BRDA:14,1,0,4
BRDA:15,2,0,8
BRDA:16,3,0,7
BRDA:17,4,0,1
BRDA:27,5,0,6
BRDA:41,6,0,3
BRDA:42,7,0,2
BRDA:43,8,0,1
BRF:9
BRH:9
end_of_record
TN:
SF:src/lib/rate-limit.ts
FN:11,checkRateLimit
FN:20,_resetRateLimits
FNF:2
FNH:2
FNDA:18,checkRateLimit
FNDA:8,_resetRateLimits
DA:5,1
DA:11,1
DA:12,18
DA:13,18
DA:14,18
DA:15,14
DA:16,14
DA:17,14
DA:20,1
DA:21,8
DA:22,8
LF:11
LH:11
BRDA:11,0,0,18
BRDA:14,1,0,7
BRDA:14,2,0,4
BRDA:14,3,0,14
BRDA:20,4,0,8
BRF:5
BRH:5
end_of_record
TN:
SF:src/lib/session.ts
FN:1,(empty-report)
FNF:1
FNH:0
FNDA:0,(empty-report)
DA:1,0
DA:5,0
DA:6,0
DA:7,0
DA:8,0
DA:9,0
DA:11,0
DA:12,0
DA:13,0
DA:14,0
DA:15,0
DA:17,0
DA:18,0
DA:19,0
DA:20,0
DA:21,0
DA:22,0
LF:17
LH:0
BRDA:1,0,0,0
BRF:1
BRH:0
end_of_record
TN:
SF:src/lib/sheets.ts
FN:6,getSheetsClient
FN:26,parseAlumnosRows
FN:43,getAlumnos
FN:59,getAlumnoByGithub
FN:68,getAlumnoByLegajo
FN:85,validateRegistro
FN:99,registrarAlumno
FN:150,norm
FNF:8
FNH:3
FNDA:0,getSheetsClient
FNDA:9,parseAlumnosRows
FNDA:0,getAlumnos
FNDA:0,getAlumnoByGithub
FNDA:0,getAlumnoByLegajo
FNDA:17,validateRegistro
FNDA:0,registrarAlumno
FNDA:54,norm
DA:1,1
DA:6,0
DA:7,0
DA:8,0
DA:9,0
DA:10,0
DA:12,0
DA:14,0
DA:15,0
DA:16,0
DA:18,0
DA:19,0
DA:20,0
DA:26,1
DA:27,9
DA:28,9
DA:29,9
DA:30,9
DA:31,9
DA:32,9
DA:33,9
DA:34,9
DA:35,9
DA:36,9
DA:37,9
DA:38,9
DA:39,9
DA:43,0
DA:44,0
DA:45,0
DA:47,0
DA:48,0
DA:49,0
DA:50,0
DA:51,0
DA:52,0
DA:53,0
DA:54,0
DA:55,0
DA:56,0
DA:57,0
DA:59,0
DA:60,0
DA:61,0
DA:62,0
DA:63,0
DA:64,0
DA:65,0
DA:66,0
DA:68,0
DA:69,0
DA:70,0
DA:71,0
DA:72,0
DA:73,0
DA:85,1
DA:86,17
DA:88,17
DA:89,17
DA:90,17
DA:91,17
DA:92,17
DA:93,10
DA:94,17
DA:95,17
DA:96,4
DA:97,4
DA:99,0
DA:100,0
DA:101,0
DA:102,0
DA:103,0
DA:105,0
DA:106,0
DA:109,0
DA:110,0
DA:111,0
DA:112,0
DA:113,0
DA:114,0
DA:115,0
DA:117,0
DA:118,0
DA:119,0
DA:120,0
DA:121,0
DA:122,0
DA:123,0
DA:126,0
DA:127,0
DA:128,0
DA:129,0
DA:130,0
DA:131,0
DA:132,0
DA:133,0
DA:134,0
DA:135,0
DA:136,0
DA:137,0
DA:138,0
DA:139,0
DA:140,0
DA:141,0
DA:142,0
DA:143,0
DA:145,0
DA:146,0
DA:150,54
DA:151,54
DA:152,54
LF:111
LH:30
BRDA:26,0,0,9
BRDA:28,1,0,11
BRDA:28,2,0,10
BRDA:29,3,0,9
BRDA:36,4,0,2
BRDA:85,5,0,17
BRDA:88,6,0,16
BRDA:89,7,0,4
BRDA:89,8,0,13
BRDA:90,9,0,1
BRDA:90,10,0,12
BRDA:91,11,0,1
BRDA:91,12,0,11
BRDA:92,13,0,1
BRDA:92,14,0,10
BRDA:94,15,0,4
BRDA:94,16,0,6
BRDA:95,17,0,5
BRDA:95,18,0,2
BRDA:95,19,0,4
BRDA:150,20,0,54
BRDA:151,21,0,2
BRF:22
BRH:22
end_of_record
TN:
SF:src/lib/repositories/AlumnoRepository.ts
FN:1,(empty-report)
FNF:1
FNH:0
FNDA:0,(empty-report)
DA:1,0
DA:4,0
DA:5,0
DA:6,0
DA:7,0
DA:9,0
DA:10,0
DA:11,0
DA:12,0
DA:13,0
DA:14,0
DA:15,0
DA:16,0
DA:18,0
DA:19,0
DA:20,0
DA:21,0
DA:22,0
DA:23,0
DA:25,0
DA:32,0
DA:33,0
DA:34,0
DA:35,0
DA:36,0
DA:37,0
DA:38,0
DA:39,0
DA:40,0
DA:41,0
DA:42,0
DA:43,0
DA:44,0
LF:33
LH:0
BRDA:1,0,0,0
BRF:1
BRH:0
end_of_record
TN:
SF:src/lib/repositories/AssignmentRepository.ts
FN:1,(empty-report)
FNF:1
FNH:0
FNDA:0,(empty-report)
DA:1,0
DA:11,0
DA:12,0
DA:13,0
DA:14,0
DA:16,0
DA:17,0
DA:18,0
DA:19,0
DA:21,0
DA:22,0
DA:23,0
DA:24,0
DA:25,0
DA:27,0
DA:29,0
DA:30,0
DA:31,0
DA:32,0
DA:33,0
DA:34,0
DA:35,0
DA:37,0
DA:38,0
DA:39,0
DA:40,0
DA:41,0
DA:42,0
DA:44,0
DA:45,0
DA:46,0
DA:47,0
DA:49,0
DA:50,0
DA:51,0
DA:52,0
DA:53,0
DA:54,0
DA:55,0
DA:57,0
DA:58,0
DA:59,0
DA:60,0
DA:61,0
DA:62,0
DA:63,0
DA:64,0
DA:65,0
DA:67,0
DA:68,0
DA:69,0
DA:71,0
DA:72,0
DA:73,0
DA:75,0
DA:76,0
DA:77,0
LF:57
LH:0
BRDA:1,0,0,0
BRF:1
BRH:0
end_of_record
TN:
SF:src/lib/repositories/ComisionRepository.ts
FN:1,(empty-report)
FNF:1
FNH:0
FNDA:0,(empty-report)
DA:1,0
DA:10,0
DA:11,0
DA:12,0
DA:13,0
DA:15,0
DA:16,0
DA:17,0
DA:18,0
DA:20,0
DA:21,0
DA:23,0
DA:24,0
DA:25,0
DA:27,0
DA:28,0
DA:30,0
DA:31,0
DA:32,0
DA:33,0
DA:35,0
DA:36,0
DA:37,0
DA:38,0
DA:39,0
DA:40,0
DA:41,0
DA:43,0
DA:44,0
DA:45,0
DA:47,0
DA:48,0
DA:49,0
DA:51,0
DA:52,0
DA:53,0
DA:55,0
DA:56,0
DA:57,0
LF:39
LH:0
BRDA:1,0,0,0
BRF:1
BRH:0
end_of_record
TN:
SF:src/lib/repositories/EntregaRepository.ts
FN:1,(empty-report)
FNF:1
FNH:0
FNDA:0,(empty-report)
DA:1,0
DA:4,0
DA:5,0
DA:6,0
DA:7,0
DA:8,0
DA:12,0
DA:13,0
DA:14,0
DA:15,0
DA:16,0
DA:17,0
DA:18,0
DA:19,0
DA:20,0
DA:21,0
DA:22,0
DA:23,0
DA:24,0
DA:25,0
DA:27,0
DA:28,0
DA:29,0
DA:30,0
DA:31,0
DA:32,0
DA:33,0
DA:34,0
DA:35,0
DA:36,0
DA:37,0
DA:38,0
DA:40,0
DA:43,0
DA:44,0
DA:45,0
DA:46,0
DA:47,0
DA:48,0
DA:49,0
DA:50,0
DA:51,0
DA:52,0
DA:54,0
DA:55,0
DA:56,0
DA:57,0
DA:58,0
DA:59,0
DA:60,0
DA:61,0
DA:62,0
DA:63,0
DA:64,0
DA:65,0
DA:66,0
DA:67,0
DA:68,0
DA:70,0
DA:71,0
DA:72,0
DA:73,0
DA:74,0
DA:75,0
DA:76,0
DA:77,0
DA:79,0
DA:85,0
DA:86,0
DA:88,0
DA:90,0
DA:91,0
DA:92,0
DA:93,0
DA:94,0
DA:96,0
DA:97,0
DA:98,0
DA:100,0
DA:101,0
DA:102,0
DA:103,0
LF:82
LH:0
BRDA:1,0,0,0
BRF:1
BRH:0
end_of_record
TN:
SF:src/lib/repositories/GrupoRepository.ts
FN:1,(empty-report)
FNF:1
FNH:0
FNDA:0,(empty-report)
DA:1,0
DA:5,0
DA:6,0
DA:7,0
DA:8,0
DA:9,0
DA:11,0
DA:12,0
DA:13,0
DA:14,0
DA:15,0
DA:16,0
DA:17,0
DA:18,0
DA:20,0
DA:21,0
DA:22,0
DA:23,0
DA:24,0
DA:25,0
DA:26,0
DA:27,0
DA:28,0
DA:29,0
DA:30,0
DA:31,0
DA:32,0
DA:33,0
LF:28
LH:0
BRDA:1,0,0,0
BRF:1
BRH:0
end_of_record
TN:
SF:src/lib/repositories/index.ts
FN:1,(empty-report)
FNF:1
FNH:0
FNDA:0,(empty-report)
DA:1,0
LF:1
LH:0
BRDA:1,0,0,0
BRF:1
BRH:0
end_of_record
TN:
SF:src/types/index.ts
FNF:0
FNH:0
DA:5,1
LF:1
LH:1
BRF:0
BRH:0
end_of_record
